SF:lib/data/models/tv_series_table.dart
DA:10,1
DA:17,2
DA:18,1
DA:19,1
DA:20,1
DA:21,1
DA:24,2
DA:25,1
DA:26,1
DA:27,1
DA:28,1
DA:31,2
DA:32,1
DA:33,1
DA:34,1
DA:35,1
DA:38,2
DA:39,1
DA:40,1
DA:41,1
DA:42,1
LF:21
LH:21
end_of_record
SF:lib/domain/entities/tv_series.dart
DA:13,16
DA:24,6
DA:25,6
DA:26,6
DA:27,6
DA:28,6
DA:29,6
DA:30,6
DA:31,6
DA:32,6
DA:33,6
LF:11
LH:11
end_of_record
SF:lib/domain/entities/tv_series_detail.dart
DA:7,1
DA:9,3
DA:10,9
DA:20,1
DA:28,3
DA:29,18
DA:46,2
DA:61,3
DA:62,3
DA:63,3
DA:64,3
DA:65,3
DA:66,3
DA:67,3
DA:68,3
DA:69,3
DA:70,3
DA:71,3
DA:72,3
DA:73,3
DA:74,3
DA:88,1
DA:99,1
DA:100,1
DA:101,1
DA:102,1
DA:103,1
DA:104,1
DA:105,1
DA:106,1
DA:107,1
DA:108,1
DA:120,1
DA:129,2
DA:130,2
DA:131,2
DA:132,2
DA:133,2
DA:134,2
DA:135,2
DA:136,2
LF:41
LH:41
end_of_record
SF:lib/data/models/tv_series_model.dart
DA:4,1
DA:15,1
DA:16,1
DA:17,1
DA:18,1
DA:19,1
DA:20,1
DA:21,1
DA:22,2
DA:23,1
DA:24,4
DA:28,1
DA:29,1
DA:30,1
DA:31,1
DA:32,1
DA:33,1
DA:34,1
DA:35,1
DA:36,1
DA:37,1
DA:41,1
DA:42,1
DA:43,1
DA:44,1
DA:45,1
DA:46,1
DA:47,1
DA:48,1
DA:49,1
DA:50,1
DA:58,1
DA:60,1
DA:61,1
DA:62,1
DA:63,4
LF:36
LH:36
end_of_record
SF:lib/data/models/tv_series_detail_model.dart
DA:4,1
DA:6,1
DA:7,3
DA:9,4
DA:11,4
DA:15,1
DA:23,1
DA:24,1
DA:25,1
DA:26,1
DA:27,1
DA:28,1
DA:29,1
DA:33,1
DA:34,1
DA:35,1
DA:36,1
DA:37,1
DA:38,1
DA:39,1
DA:43,1
DA:44,1
DA:45,1
DA:46,1
DA:47,1
DA:48,1
DA:49,1
DA:55,1
DA:70,1
DA:71,1
DA:72,1
DA:73,1
DA:74,1
DA:75,1
DA:76,1
DA:77,2
DA:78,1
DA:79,1
DA:80,4
DA:82,1
DA:83,1
DA:84,1
DA:85,4
DA:87,1
DA:91,1
DA:92,1
DA:93,1
DA:94,1
DA:95,1
DA:96,1
DA:97,1
DA:98,1
DA:99,1
DA:100,1
DA:101,5
DA:102,1
DA:103,1
DA:104,1
DA:105,1
DA:106,1
DA:107,2
DA:108,1
DA:109,1
DA:110,1
DA:111,1
DA:112,1
DA:115,1
DA:116,1
DA:120,1
DA:121,1
DA:122,1
DA:123,1
DA:124,1
DA:125,1
DA:126,1
DA:127,1
DA:128,1
DA:129,1
DA:130,5
DA:131,1
DA:132,1
DA:133,1
DA:134,1
DA:135,1
DA:136,2
DA:137,1
DA:138,1
DA:139,1
DA:140,1
DA:141,1
DA:144,1
DA:145,1
LF:92
LH:92
end_of_record
SF:lib/domain/usecases/search_tv_series.dart
DA:9,1
DA:11,1
DA:12,2
LF:3
LH:3
end_of_record
SF:lib/domain/usecases/get_tv_series_detail.dart
DA:9,1
DA:11,1
DA:12,2
LF:3
LH:3
end_of_record
SF:lib/domain/usecases/save_watchlist.dart
DA:9,1
DA:11,1
DA:12,2
LF:3
LH:3
end_of_record
SF:lib/domain/usecases/get_tv_series_recommendations.dart
DA:9,1
DA:11,1
DA:12,2
LF:3
LH:3
end_of_record
SF:lib/domain/usecases/get_watchlist_tv_series.dart
DA:9,1
DA:11,1
DA:12,2
LF:3
LH:3
end_of_record
SF:lib/domain/usecases/remove_watchlist.dart
DA:9,1
DA:11,1
DA:12,2
LF:3
LH:3
end_of_record
SF:lib/domain/usecases/get_top_rated_tv_series.dart
DA:9,1
DA:11,1
DA:12,2
LF:3
LH:3
end_of_record
SF:lib/domain/usecases/get_season_detail.dart
DA:9,1
DA:11,1
DA:12,2
LF:3
LH:3
end_of_record
SF:lib/domain/usecases/get_on_the_air_tv_series.dart
DA:9,1
DA:11,1
DA:12,2
LF:3
LH:3
end_of_record
SF:lib/domain/usecases/get_popular_tv_series.dart
DA:9,1
DA:11,1
DA:12,2
LF:3
LH:3
end_of_record
SF:lib/domain/usecases/get_watchlist_status.dart
DA:6,1
DA:8,1
DA:9,2
LF:3
LH:3
end_of_record
SF:lib/presentation/bloc/tv_series_list/tv_series_list_bloc.dart
DA:13,1
DA:17,1
DA:18,2
DA:19,2
DA:20,2
DA:23,1
DA:27,3
DA:28,2
DA:29,1
DA:30,2
DA:31,2
DA:33,1
DA:36,2
DA:37,2
DA:45,1
DA:49,3
DA:50,2
DA:51,1
DA:52,2
DA:53,2
DA:55,1
DA:58,2
DA:59,2
DA:67,1
DA:71,3
DA:72,2
DA:73,1
DA:74,2
DA:75,2
DA:77,1
DA:80,2
DA:81,2
LF:32
LH:32
end_of_record
SF:lib/presentation/bloc/tv_series_list/tv_series_list_event.dart
DA:4,5
DA:6,1
DA:7,1
LF:3
LH:3
end_of_record
SF:lib/presentation/bloc/tv_series_list/tv_series_list_state.dart
DA:19,4
DA:31,1
DA:42,1
DA:43,1
DA:44,1
DA:45,1
DA:46,1
DA:47,1
DA:48,1
DA:49,1
DA:50,1
DA:51,1
DA:55,1
DA:56,1
DA:57,1
DA:58,1
DA:59,1
DA:60,1
DA:61,1
DA:62,1
DA:63,1
DA:64,1
DA:65,1
LF:23
LH:23
end_of_record
SF:lib/presentation/pages/top_rated_tv_series_page.dart
DA:9,1
DA:11,1
DA:12,1
DA:16,1
DA:18,1
DA:19,2
DA:20,1
DA:21,4
DA:25,1
DA:27,1
DA:28,1
DA:29,1
DA:31,1
DA:32,1
DA:33,2
DA:35,2
DA:36,1
DA:37,1
DA:38,2
DA:39,1
DA:41,2
DA:44,1
DA:46,2
LF:23
LH:23
end_of_record
SF:lib/presentation/widgets/tv_series_card.dart
DA:11,5
DA:13,5
DA:15,5
DA:17,5
DA:18,1
DA:19,4
DA:21,5
DA:23,5
DA:25,5
DA:26,5
DA:27,5
DA:33,5
DA:35,5
DA:36,5
DA:37,10
DA:40,15
DA:43,5
DA:44,10
DA:52,5
DA:54,5
DA:56,10
DA:57,5
DA:58,15
DA:60,5
DA:62,0
DA:64,1
LF:26
LH:25
end_of_record
SF:lib/presentation/bloc/tv_series_search/tv_series_search_bloc.dart
DA:11,1
DA:12,1
DA:13,1
DA:14,1
DA:15,1
DA:19,1
DA:23,1
DA:25,1
DA:26,4
DA:30,3
DA:32,2
DA:34,1
DA:35,2
DA:36,3
DA:38,1
DA:39,3
DA:43,1
DA:44,3
LF:18
LH:18
end_of_record
SF:lib/presentation/bloc/tv_series_search/tv_series_search_event.dart
DA:4,2
DA:6,0
DA:7,0
DA:13,2
DA:15,2
DA:16,4
LF:6
LH:4
end_of_record
SF:lib/presentation/bloc/tv_series_search/tv_series_search_state.dart
DA:11,3
DA:17,2
DA:22,2
DA:23,1
DA:24,2
DA:25,2
DA:29,2
DA:30,8
LF:8
LH:8
end_of_record
SF:lib/presentation/pages/tv_series_search_page.dart
DA:9,1
DA:11,1
DA:13,1
DA:14,1
DA:15,1
DA:17,1
DA:19,1
DA:20,1
DA:21,1
DA:22,3
DA:32,1
DA:34,3
DA:36,1
DA:37,1
DA:38,2
DA:40,2
DA:41,1
DA:42,1
DA:47,1
DA:48,1
DA:50,1
DA:51,1
DA:52,1
DA:54,1
DA:57,2
DA:58,1
DA:59,1
DA:61,2
LF:28
LH:28
end_of_record
SF:lib/presentation/pages/popular_tv_series_page.dart
DA:9,1
DA:11,1
DA:12,1
DA:16,1
DA:18,1
DA:19,2
DA:20,1
DA:21,4
DA:25,1
DA:27,1
DA:28,1
DA:29,1
DA:31,1
DA:32,1
DA:33,2
DA:35,2
DA:36,1
DA:37,1
DA:38,2
DA:39,1
DA:41,2
DA:44,1
DA:46,2
LF:23
LH:23
end_of_record
SF:lib/presentation/bloc/tv_series_detail/tv_series_detail_bloc.dart
DA:20,1
DA:27,1
DA:28,2
DA:29,2
DA:30,2
DA:31,2
DA:32,2
DA:35,1
DA:39,1
DA:40,2
DA:43,3
DA:44,2
DA:45,1
DA:48,1
DA:49,1
DA:50,1
DA:51,2
DA:53,1
DA:57,1
DA:58,1
DA:59,2
DA:66,1
DA:67,1
DA:68,1
DA:69,2
DA:71,1
DA:75,1
DA:76,1
DA:77,2
DA:88,1
DA:92,3
DA:93,1
DA:94,5
DA:95,1
DA:96,1
DA:97,2
DA:106,1
DA:110,3
DA:111,1
DA:112,5
DA:113,1
DA:114,1
DA:115,2
DA:124,1
DA:128,3
DA:129,3
DA:132,1
DA:136,3
DA:137,2
DA:138,1
DA:139,1
DA:141,1
DA:142,1
DA:143,1
DA:144,2
DA:146,1
DA:150,1
DA:151,1
DA:152,2
LF:59
LH:59
end_of_record
SF:lib/presentation/bloc/tv_series_detail/tv_series_detail_event.dart
DA:5,3
DA:7,0
DA:8,0
DA:14,2
DA:16,1
DA:17,2
DA:23,3
DA:25,2
DA:26,4
DA:32,2
DA:34,2
DA:35,4
DA:41,3
DA:43,1
DA:44,2
DA:51,1
DA:53,1
DA:54,3
LF:18
LH:16
end_of_record
SF:lib/presentation/bloc/tv_series_detail/tv_series_detail_state.dart
DA:23,2
DA:37,1
DA:50,1
DA:51,1
DA:52,1
DA:53,1
DA:54,1
DA:55,1
DA:57,1
DA:58,1
DA:59,1
DA:60,1
DA:61,1
DA:62,1
DA:66,1
DA:67,1
DA:68,1
DA:69,1
DA:70,1
DA:71,1
DA:72,1
DA:73,1
DA:74,1
DA:75,1
DA:76,1
DA:77,1
DA:78,1
LF:27
LH:27
end_of_record
SF:lib/presentation/pages/tv_series_detail_page.dart
DA:11,1
DA:13,1
DA:14,1
DA:18,1
DA:20,1
DA:21,2
DA:22,1
DA:23,6
DA:24,6
DA:28,1
DA:30,1
DA:31,1
DA:32,1
DA:33,3
DA:34,2
DA:35,1
DA:36,2
DA:37,1
DA:38,2
DA:43,1
DA:44,2
DA:46,2
DA:47,1
DA:48,1
DA:49,1
DA:51,1
DA:52,1
DA:55,2
DA:56,3
LF:29
LH:29
end_of_record
SF:lib/presentation/widgets/detail_content.dart
DA:18,2
DA:25,2
DA:27,6
DA:28,2
DA:29,2
DA:30,2
DA:31,2
DA:32,2
DA:37,2
DA:38,4
DA:39,1
DA:40,3
DA:42,1
DA:43,0
DA:46,2
DA:49,2
DA:50,2
DA:52,2
DA:55,2
DA:56,2
DA:62,2
DA:63,2
DA:64,2
DA:65,2
DA:74,2
DA:75,2
DA:77,2
DA:81,2
DA:85,2
DA:87,2
DA:89,2
DA:91,2
DA:92,2
DA:93,4
DA:94,2
DA:96,6
DA:98,2
DA:99,2
DA:100,6
DA:103,2
DA:105,2
DA:107,2
DA:109,6
DA:111,2
DA:112,4
DA:116,2
DA:118,2
DA:120,6
DA:122,4
DA:123,4
DA:124,4
DA:128,2
DA:130,2
DA:132,2
DA:134,6
DA:136,2
DA:143,2
DA:144,2
DA:145,2
DA:146,2
DA:147,8
DA:149,4
DA:151,2
DA:152,2
DA:153,4
DA:154,6
DA:158,2
DA:160,2
DA:161,2
DA:168,2
DA:169,2
DA:170,2
DA:172,2
DA:173,6
DA:180,2
DA:181,2
DA:183,2
DA:185,6
DA:186,2
DA:187,6
DA:188,2
DA:189,0
DA:190,2
DA:197,0
DA:198,0
DA:199,0
DA:201,0
DA:208,0
DA:209,0
DA:210,0
DA:214,0
DA:215,0
DA:223,2
DA:224,2
DA:226,2
DA:227,2
DA:228,2
DA:229,2
DA:230,2
DA:231,1
DA:232,2
DA:237,2
DA:245,2
DA:246,2
DA:248,2
DA:250,2
DA:251,2
DA:252,2
DA:263,2
DA:264,4
DA:279,2
DA:280,2
DA:281,2
DA:282,4
DA:285,4
DA:286,1
DA:287,1
DA:291,4
DA:292,1
DA:299,1
DA:300,1
DA:302,1
DA:304,2
DA:305,1
DA:306,2
DA:307,1
DA:309,1
DA:310,0
DA:311,1
DA:313,1
DA:314,1
DA:315,2
DA:317,1
DA:330,2
DA:331,2
DA:333,2
DA:336,2
DA:338,2
DA:344,2
DA:345,2
DA:346,8
LF:141
LH:129
end_of_record
SF:lib/presentation/widgets/episode_list_sheet.dart
DA:11,1
DA:17,1
DA:19,1
DA:20,1
DA:21,1
DA:22,1
DA:23,1
DA:24,1
DA:26,2
DA:33,1
DA:34,1
DA:38,1
DA:40,1
DA:45,1
DA:46,1
DA:48,1
DA:49,1
DA:50,4
DA:58,1
DA:59,2
DA:62,2
DA:63,3
DA:65,2
DA:66,1
DA:67,2
DA:68,1
DA:71,1
DA:72,1
DA:74,1
DA:75,0
DA:76,3
LF:31
LH:30
end_of_record
SF:lib/presentation/widgets/episode_card.dart
DA:9,2
DA:11,2
DA:13,2
DA:15,2
DA:17,2
DA:18,2
DA:20,4
DA:26,2
DA:27,2
DA:28,2
DA:29,4
DA:30,1
DA:31,3
DA:35,0
DA:37,2
DA:41,2
DA:42,2
DA:50,2
DA:51,2
DA:53,2
DA:54,2
DA:55,10
DA:64,10
DA:65,2
DA:66,4
DA:69,6
DA:70,2
DA:72,2
DA:73,4
DA:79,8
DA:84,2
DA:85,2
DA:87,2
DA:88,2
DA:91,2
DA:92,6
LF:36
LH:35
end_of_record
SF:lib/presentation/pages/tv_series_home_page.dart
DA:12,1
DA:14,1
DA:15,1
DA:19,1
DA:21,1
DA:22,2
DA:23,1
DA:24,4
DA:25,4
DA:26,4
DA:30,1
DA:32,1
DA:33,1
DA:35,1
DA:36,1
DA:37,1
DA:38,1
DA:44,1
DA:46,1
DA:47,1
DA:49,1
DA:50,1
DA:52,3
DA:54,1
DA:55,1
DA:56,2
DA:58,2
DA:59,2
DA:60,2
DA:61,3
DA:67,1
DA:69,0
DA:71,1
DA:72,1
DA:73,2
DA:75,2
DA:76,2
DA:77,2
DA:78,3
DA:84,1
DA:86,0
DA:88,1
DA:89,1
DA:90,2
DA:92,2
DA:93,2
DA:94,2
DA:95,3
DA:108,1
DA:109,1
DA:111,1
DA:112,5
DA:113,1
DA:130,1
DA:132,1
DA:134,1
DA:136,1
DA:138,1
DA:139,2
DA:140,1
DA:142,1
DA:143,0
DA:144,0
DA:146,1
DA:148,1
DA:149,1
DA:150,2
DA:151,1
DA:153,0
DA:155,1
DA:164,2
LF:71
LH:66
end_of_record
SF:lib/presentation/bloc/watchlist_tv_series/watchlist_tv_series_bloc.dart
DA:10,1
DA:11,1
DA:12,2
DA:15,1
DA:19,3
DA:20,2
DA:21,1
DA:22,2
DA:23,3
DA:25,2
DA:26,2
LF:11
LH:11
end_of_record
SF:lib/presentation/bloc/watchlist_tv_series/watchlist_tv_series_event.dart
DA:4,3
DA:6,1
DA:7,1
LF:3
LH:3
end_of_record
SF:lib/presentation/bloc/watchlist_tv_series/watchlist_tv_series_state.dart
DA:11,3
DA:17,2
DA:22,2
DA:23,1
DA:24,2
DA:25,2
DA:29,2
DA:30,8
LF:8
LH:8
end_of_record
SF:lib/presentation/pages/watchlist_tv_series_page.dart
DA:10,1
DA:12,1
DA:14,1
DA:15,1
DA:25,1
DA:27,1
DA:29,1
DA:34,1
DA:36,1
DA:37,1
DA:40,1
DA:41,4
DA:44,1
DA:45,1
DA:46,1
DA:49,1
DA:51,1
DA:52,1
DA:53,2
DA:55,2
DA:56,2
DA:57,1
DA:58,1
DA:59,1
DA:69,1
DA:70,1
DA:71,1
DA:72,1
DA:73,2
DA:74,1
DA:76,1
DA:77,3
DA:78,0
DA:79,0
DA:84,2
DA:87,2
DA:88,1
DA:90,2
DA:93,1
LF:39
LH:37
end_of_record
