SF:lib/data/models/movie_model.dart
DA:4,1
DA:15,1
DA:16,1
DA:17,1
DA:18,1
DA:19,1
DA:20,1
DA:21,1
DA:22,2
DA:23,1
DA:24,4
DA:28,1
DA:29,1
DA:30,1
DA:31,1
DA:32,1
DA:33,1
DA:34,1
DA:35,1
DA:36,1
DA:37,1
DA:41,1
DA:42,1
DA:43,1
DA:44,1
DA:45,1
DA:46,1
DA:47,1
DA:48,1
DA:49,1
DA:50,1
DA:58,1
DA:60,1
DA:61,1
DA:62,1
DA:63,4
LF:36
LH:36
end_of_record
SF:lib/domain/entities/movie.dart
DA:13,12
DA:24,5
DA:25,5
DA:26,5
DA:27,5
DA:28,5
DA:29,5
DA:30,5
DA:31,5
DA:32,5
DA:33,5
LF:11
LH:11
end_of_record
SF:lib/data/models/movie_table.dart
DA:10,1
DA:17,2
DA:18,1
DA:19,1
DA:20,1
DA:21,1
DA:24,2
DA:25,1
DA:26,1
DA:27,1
DA:28,1
DA:31,2
DA:32,1
DA:33,1
DA:34,1
DA:35,1
DA:38,2
DA:39,1
DA:40,1
DA:41,1
DA:42,1
LF:21
LH:21
end_of_record
SF:lib/domain/entities/movie_detail.dart
DA:7,2
DA:9,3
DA:10,9
DA:25,4
DA:38,2
DA:39,2
DA:40,2
DA:41,2
DA:42,2
DA:43,2
DA:44,2
DA:45,2
DA:46,2
DA:47,2
DA:48,2
DA:49,2
LF:16
LH:16
end_of_record
SF:lib/data/models/movie_detail_model.dart
DA:4,1
DA:6,1
DA:7,3
DA:9,4
DA:11,4
DA:15,1
DA:28,1
DA:29,1
DA:30,1
DA:31,1
DA:32,1
DA:33,1
DA:34,1
DA:35,2
DA:36,1
DA:37,1
DA:38,4
DA:40,1
DA:41,1
DA:45,1
DA:46,1
DA:47,1
DA:48,1
DA:49,1
DA:50,1
DA:51,1
DA:52,1
DA:53,1
DA:54,7
DA:55,1
DA:56,1
DA:60,1
DA:61,1
DA:62,1
DA:63,1
DA:64,1
DA:65,1
DA:66,1
DA:67,1
DA:68,1
DA:69,7
DA:70,1
DA:71,1
LF:43
LH:43
end_of_record
SF:lib/domain/usecases/get_now_playing_movies.dart
DA:9,1
DA:11,1
DA:12,2
LF:3
LH:3
end_of_record
SF:lib/domain/usecases/get_popular_movies.dart
DA:9,1
DA:11,1
DA:12,2
LF:3
LH:3
end_of_record
SF:lib/domain/usecases/get_top_rated_movies.dart
DA:9,1
DA:11,1
DA:12,2
LF:3
LH:3
end_of_record
SF:lib/domain/usecases/get_movie_detail.dart
DA:9,1
DA:11,1
DA:12,2
LF:3
LH:3
end_of_record
SF:lib/domain/usecases/get_movie_recommendations.dart
DA:9,1
DA:11,1
DA:12,2
LF:3
LH:3
end_of_record
SF:lib/domain/usecases/search_movies.dart
DA:9,1
DA:11,1
DA:12,2
LF:3
LH:3
end_of_record
SF:lib/domain/usecases/get_watchlist_status_movie.dart
DA:6,1
DA:8,1
DA:9,2
LF:3
LH:3
end_of_record
SF:lib/domain/usecases/save_watchlist_movie.dart
DA:9,1
DA:11,1
DA:12,2
LF:3
LH:3
end_of_record
SF:lib/domain/usecases/remove_watchlist_movie.dart
DA:9,1
DA:11,1
DA:12,2
LF:3
LH:3
end_of_record
SF:lib/domain/usecases/get_watchlist_movies.dart
DA:9,1
DA:11,1
DA:12,2
LF:3
LH:3
end_of_record
SF:lib/presentation/bloc/movie_list/movie_list_bloc.dart
DA:13,1
DA:17,1
DA:18,2
DA:19,2
DA:20,2
DA:23,1
DA:27,3
DA:29,2
DA:31,1
DA:32,1
DA:33,1
DA:34,2
DA:36,1
DA:40,1
DA:41,1
DA:42,2
DA:51,1
DA:55,3
DA:57,2
DA:59,1
DA:60,1
DA:61,1
DA:62,2
DA:64,1
DA:68,1
DA:69,1
DA:70,2
DA:79,1
DA:83,3
DA:85,2
DA:87,1
DA:88,1
DA:89,1
DA:90,2
DA:92,1
DA:96,1
DA:97,1
DA:98,2
LF:38
LH:38
end_of_record
SF:lib/presentation/bloc/movie_list/movie_list_event.dart
DA:4,5
DA:6,1
DA:7,1
LF:3
LH:3
end_of_record
SF:lib/presentation/bloc/movie_list/movie_list_state.dart
DA:19,4
DA:31,1
DA:42,1
DA:43,1
DA:44,1
DA:45,1
DA:46,1
DA:47,1
DA:48,1
DA:49,1
DA:50,1
DA:51,1
DA:55,1
DA:56,1
DA:57,1
DA:58,1
DA:59,1
DA:60,1
DA:61,1
DA:62,1
DA:63,1
DA:64,1
DA:65,1
LF:23
LH:23
end_of_record
SF:lib/presentation/pages/top_rated_movies_page.dart
DA:9,1
DA:11,1
DA:12,1
DA:16,1
DA:18,1
DA:19,2
DA:20,1
DA:21,4
DA:25,1
DA:27,1
DA:28,1
DA:29,1
DA:31,1
DA:32,1
DA:33,2
DA:35,2
DA:36,1
DA:37,1
DA:38,2
DA:39,1
DA:41,2
DA:43,2
DA:44,1
DA:46,2
LF:24
LH:24
end_of_record
SF:lib/presentation/widgets/movie_card.dart
DA:11,5
DA:13,5
DA:15,5
DA:17,5
DA:18,1
DA:19,4
DA:21,5
DA:23,5
DA:25,5
DA:26,5
DA:27,5
DA:33,5
DA:35,5
DA:36,5
DA:37,10
DA:40,15
DA:43,5
DA:44,10
DA:52,5
DA:54,5
DA:56,10
DA:57,5
DA:58,15
DA:60,5
DA:64,0
DA:66,1
LF:26
LH:25
end_of_record
SF:lib/presentation/pages/popular_movies_page.dart
DA:9,1
DA:11,1
DA:12,1
DA:16,1
DA:18,1
DA:19,2
DA:20,1
DA:21,4
DA:25,1
DA:27,1
DA:28,1
DA:29,1
DA:31,1
DA:32,1
DA:33,2
DA:35,2
DA:36,1
DA:37,1
DA:38,2
DA:39,1
DA:41,2
DA:43,2
DA:44,1
DA:46,2
LF:24
LH:24
end_of_record
SF:lib/presentation/bloc/watchlist_movie/watchlist_movie_bloc.dart
DA:11,1
DA:12,1
DA:13,2
DA:16,1
DA:20,3
DA:22,2
DA:24,1
DA:25,1
DA:26,1
DA:27,2
DA:29,1
DA:33,1
DA:34,1
DA:35,2
LF:14
LH:14
end_of_record
SF:lib/presentation/bloc/watchlist_movie/watchlist_movie_event.dart
DA:4,3
DA:6,1
DA:7,1
LF:3
LH:3
end_of_record
SF:lib/presentation/bloc/watchlist_movie/watchlist_movie_state.dart
DA:10,3
DA:16,2
DA:21,2
DA:22,1
DA:23,2
DA:24,2
DA:28,2
DA:29,8
LF:8
LH:8
end_of_record
SF:lib/presentation/pages/watchlist_movie_page.dart
DA:11,1
DA:13,1
DA:14,1
DA:18,1
DA:20,1
DA:21,1
DA:24,1
DA:25,4
DA:28,1
DA:29,1
DA:30,1
DA:33,1
DA:35,1
DA:36,1
DA:37,2
DA:39,2
DA:40,2
DA:41,1
DA:42,1
DA:43,1
DA:53,1
DA:54,1
DA:55,1
DA:56,1
DA:57,2
DA:58,1
DA:60,1
DA:61,3
DA:62,0
DA:63,0
DA:68,2
DA:71,2
DA:72,1
DA:74,2
DA:77,1
LF:35
LH:33
end_of_record
SF:lib/presentation/bloc/movie_search/movie_search_bloc.dart
DA:11,1
DA:12,1
DA:13,1
DA:14,1
DA:15,1
DA:19,1
DA:23,1
DA:25,1
DA:26,4
DA:30,3
DA:32,2
DA:34,1
DA:35,1
DA:36,1
DA:37,2
DA:39,1
DA:43,1
DA:44,1
DA:45,2
DA:51,1
DA:52,3
LF:21
LH:21
end_of_record
SF:lib/presentation/bloc/movie_search/movie_search_event.dart
DA:4,2
DA:10,2
DA:12,1
DA:13,2
LF:4
LH:4
end_of_record
SF:lib/presentation/bloc/movie_search/movie_search_state.dart
DA:10,3
DA:16,2
DA:21,2
DA:22,1
DA:23,2
DA:24,2
DA:28,2
DA:29,8
LF:8
LH:8
end_of_record
SF:lib/presentation/pages/movie_search_page.dart
DA:10,1
DA:12,1
DA:14,1
DA:15,1
DA:16,1
DA:18,1
DA:20,1
DA:21,1
DA:22,1
DA:23,3
DA:33,1
DA:35,3
DA:37,1
DA:38,1
DA:39,2
DA:41,2
DA:42,1
DA:43,1
DA:48,1
DA:49,1
DA:51,1
DA:52,1
DA:53,1
DA:55,1
DA:58,2
DA:59,1
DA:60,1
DA:62,2
LF:28
LH:28
end_of_record
SF:lib/presentation/pages/movie_home_page.dart
DA:12,1
DA:14,1
DA:15,1
DA:19,1
DA:21,1
DA:22,2
DA:23,1
DA:24,4
DA:25,4
DA:26,4
DA:30,1
DA:32,1
DA:33,1
DA:35,1
DA:36,1
DA:37,2
DA:42,1
DA:44,1
DA:45,1
DA:47,1
DA:48,1
DA:50,3
DA:52,1
DA:53,1
DA:54,2
DA:56,2
DA:58,2
DA:59,2
DA:60,3
DA:66,1
DA:68,0
DA:70,1
DA:71,1
DA:72,2
DA:74,2
DA:75,2
DA:76,2
DA:77,3
DA:83,1
DA:85,0
DA:87,1
DA:88,1
DA:89,2
DA:91,2
DA:92,2
DA:93,2
DA:94,3
DA:107,1
DA:108,1
DA:110,1
DA:111,5
DA:112,1
DA:129,1
DA:131,1
DA:133,1
DA:135,1
DA:137,1
DA:138,2
DA:139,1
DA:141,1
DA:142,0
DA:143,0
DA:145,1
DA:147,1
DA:148,1
DA:149,2
DA:150,1
DA:154,0
DA:156,1
DA:165,2
LF:70
LH:65
end_of_record
SF:lib/presentation/bloc/movie_detail/movie_detail_bloc.dart
DA:18,1
DA:24,1
DA:25,2
DA:26,2
DA:27,2
DA:28,2
DA:31,1
DA:35,1
DA:36,2
DA:42,3
DA:43,2
DA:44,1
DA:47,1
DA:48,1
DA:49,1
DA:50,2
DA:52,1
DA:56,1
DA:57,1
DA:58,2
DA:65,1
DA:66,1
DA:67,1
DA:68,2
DA:70,1
DA:74,1
DA:75,1
DA:76,2
DA:87,1
DA:91,3
DA:93,1
DA:94,1
DA:95,4
DA:97,1
DA:98,1
DA:99,2
DA:108,1
DA:112,3
DA:114,1
DA:115,1
DA:116,4
DA:118,1
DA:119,1
DA:120,2
DA:129,1
DA:133,3
DA:134,3
LF:47
LH:47
end_of_record
SF:lib/presentation/bloc/movie_detail/movie_detail_event.dart
DA:5,2
DA:11,2
DA:13,1
DA:14,2
DA:20,2
DA:22,1
DA:23,2
DA:29,2
DA:31,1
DA:32,2
DA:38,2
DA:40,1
DA:41,2
LF:13
LH:13
end_of_record
SF:lib/presentation/bloc/movie_detail/movie_detail_state.dart
DA:18,1
DA:29,1
DA:39,1
DA:40,1
DA:41,1
DA:42,1
DA:43,1
DA:44,1
DA:46,1
DA:47,1
DA:48,1
DA:52,1
DA:53,1
DA:54,1
DA:55,1
DA:56,1
DA:57,1
DA:58,1
DA:59,1
DA:60,1
DA:61,1
LF:21
LH:21
end_of_record
